{"/Users/shelleykmorris/Desktop/Thinkful/mongo-shopping-list/server.js":{"path":"/Users/shelleykmorris/Desktop/Thinkful/mongo-shopping-list/server.js","s":{"1":1,"2":1,"3":1,"4":1,"5":1,"6":1,"7":1,"8":1,"9":0,"10":0,"11":0,"12":0,"13":0,"14":0,"15":0,"16":1,"17":0,"18":0,"19":0,"20":1,"21":1,"22":1,"23":1,"24":0,"25":0,"26":0,"27":0,"28":1,"29":0,"30":0,"31":0,"32":0,"33":1,"34":0,"35":0,"36":0,"37":0,"38":1,"39":0,"40":0,"41":0,"42":0,"43":1,"44":0},"b":{"1":[0,0],"2":[0,0],"3":[0,0],"4":[0,1],"5":[0,0],"6":[0,0],"7":[0,0],"8":[0,0],"9":[0,0]},"f":{"1":0,"2":0,"3":0,"4":0,"5":0,"6":0,"7":0,"8":0,"9":0,"10":0,"11":0,"12":0,"13":0},"fnMap":{"1":{"name":"(anonymous_1)","line":12,"loc":{"start":{"line":12,"column":16},"end":{"line":12,"column":35}}},"2":{"name":"(anonymous_2)","line":13,"loc":{"start":{"line":13,"column":42},"end":{"line":13,"column":56}}},"3":{"name":"(anonymous_3)","line":18,"loc":{"start":{"line":18,"column":32},"end":{"line":18,"column":43}}},"4":{"name":"(anonymous_4)","line":28,"loc":{"start":{"line":28,"column":14},"end":{"line":28,"column":28}}},"5":{"name":"(anonymous_5)","line":40,"loc":{"start":{"line":40,"column":18},"end":{"line":40,"column":37}}},"6":{"name":"(anonymous_6)","line":41,"loc":{"start":{"line":41,"column":14},"end":{"line":41,"column":35}}},"7":{"name":"(anonymous_7)","line":51,"loc":{"start":{"line":51,"column":19},"end":{"line":51,"column":38}}},"8":{"name":"(anonymous_8)","line":54,"loc":{"start":{"line":54,"column":7},"end":{"line":54,"column":27}}},"9":{"name":"(anonymous_9)","line":65,"loc":{"start":{"line":65,"column":22},"end":{"line":65,"column":41}}},"10":{"name":"(anonymous_10)","line":68,"loc":{"start":{"line":68,"column":9},"end":{"line":68,"column":29}}},"11":{"name":"(anonymous_11)","line":78,"loc":{"start":{"line":78,"column":25},"end":{"line":78,"column":44}}},"12":{"name":"(anonymous_12)","line":79,"loc":{"start":{"line":79,"column":40},"end":{"line":79,"column":60}}},"13":{"name":"(anonymous_13)","line":91,"loc":{"start":{"line":91,"column":13},"end":{"line":91,"column":32}}}},"statementMap":{"1":{"start":{"line":1,"column":0},"end":{"line":1,"column":33}},"2":{"start":{"line":2,"column":0},"end":{"line":2,"column":40}},"3":{"start":{"line":3,"column":0},"end":{"line":3,"column":35}},"4":{"start":{"line":5,"column":0},"end":{"line":5,"column":33}},"5":{"start":{"line":7,"column":0},"end":{"line":7,"column":20}},"6":{"start":{"line":9,"column":0},"end":{"line":9,"column":27}},"7":{"start":{"line":10,"column":0},"end":{"line":10,"column":34}},"8":{"start":{"line":12,"column":0},"end":{"line":25,"column":2}},"9":{"start":{"line":13,"column":4},"end":{"line":24,"column":7}},"10":{"start":{"line":14,"column":8},"end":{"line":16,"column":9}},"11":{"start":{"line":15,"column":12},"end":{"line":15,"column":33}},"12":{"start":{"line":18,"column":8},"end":{"line":23,"column":11}},"13":{"start":{"line":19,"column":12},"end":{"line":19,"column":65}},"14":{"start":{"line":20,"column":12},"end":{"line":22,"column":13}},"15":{"start":{"line":21,"column":16},"end":{"line":21,"column":27}},"16":{"start":{"line":27,"column":0},"end":{"line":33,"column":1}},"17":{"start":{"line":28,"column":4},"end":{"line":32,"column":7}},"18":{"start":{"line":29,"column":8},"end":{"line":31,"column":9}},"19":{"start":{"line":30,"column":12},"end":{"line":30,"column":31}},"20":{"start":{"line":35,"column":0},"end":{"line":35,"column":18}},"21":{"start":{"line":36,"column":0},"end":{"line":36,"column":30}},"22":{"start":{"line":38,"column":0},"end":{"line":38,"column":37}},"23":{"start":{"line":40,"column":0},"end":{"line":49,"column":3}},"24":{"start":{"line":41,"column":4},"end":{"line":48,"column":7}},"25":{"start":{"line":42,"column":8},"end":{"line":46,"column":9}},"26":{"start":{"line":43,"column":12},"end":{"line":45,"column":15}},"27":{"start":{"line":47,"column":8},"end":{"line":47,"column":24}},"28":{"start":{"line":51,"column":0},"end":{"line":62,"column":3}},"29":{"start":{"line":52,"column":4},"end":{"line":61,"column":7}},"30":{"start":{"line":55,"column":8},"end":{"line":59,"column":9}},"31":{"start":{"line":56,"column":12},"end":{"line":58,"column":15}},"32":{"start":{"line":60,"column":8},"end":{"line":60,"column":35}},"33":{"start":{"line":65,"column":0},"end":{"line":76,"column":3}},"34":{"start":{"line":66,"column":2},"end":{"line":75,"column":5}},"35":{"start":{"line":69,"column":4},"end":{"line":73,"column":5}},"36":{"start":{"line":70,"column":6},"end":{"line":72,"column":9}},"37":{"start":{"line":74,"column":4},"end":{"line":74,"column":31}},"38":{"start":{"line":78,"column":0},"end":{"line":88,"column":3}},"39":{"start":{"line":79,"column":2},"end":{"line":86,"column":5}},"40":{"start":{"line":80,"column":4},"end":{"line":84,"column":5}},"41":{"start":{"line":81,"column":6},"end":{"line":83,"column":9}},"42":{"start":{"line":85,"column":4},"end":{"line":85,"column":31}},"43":{"start":{"line":91,"column":0},"end":{"line":95,"column":3}},"44":{"start":{"line":92,"column":4},"end":{"line":94,"column":7}}},"branchMap":{"1":{"line":14,"type":"if","locations":[{"start":{"line":14,"column":8},"end":{"line":14,"column":8}},{"start":{"line":14,"column":8},"end":{"line":14,"column":8}}]},"2":{"line":14,"type":"binary-expr","locations":[{"start":{"line":14,"column":12},"end":{"line":14,"column":15}},{"start":{"line":14,"column":19},"end":{"line":14,"column":27}}]},"3":{"line":20,"type":"if","locations":[{"start":{"line":20,"column":12},"end":{"line":20,"column":12}},{"start":{"line":20,"column":12},"end":{"line":20,"column":12}}]},"4":{"line":27,"type":"if","locations":[{"start":{"line":27,"column":0},"end":{"line":27,"column":0}},{"start":{"line":27,"column":0},"end":{"line":27,"column":0}}]},"5":{"line":29,"type":"if","locations":[{"start":{"line":29,"column":8},"end":{"line":29,"column":8}},{"start":{"line":29,"column":8},"end":{"line":29,"column":8}}]},"6":{"line":42,"type":"if","locations":[{"start":{"line":42,"column":8},"end":{"line":42,"column":8}},{"start":{"line":42,"column":8},"end":{"line":42,"column":8}}]},"7":{"line":55,"type":"if","locations":[{"start":{"line":55,"column":8},"end":{"line":55,"column":8}},{"start":{"line":55,"column":8},"end":{"line":55,"column":8}}]},"8":{"line":69,"type":"if","locations":[{"start":{"line":69,"column":4},"end":{"line":69,"column":4}},{"start":{"line":69,"column":4},"end":{"line":69,"column":4}}]},"9":{"line":80,"type":"if","locations":[{"start":{"line":80,"column":4},"end":{"line":80,"column":4}},{"start":{"line":80,"column":4},"end":{"line":80,"column":4}}]}}},"/Users/shelleykmorris/Desktop/Thinkful/mongo-shopping-list/config.js":{"path":"/Users/shelleykmorris/Desktop/Thinkful/mongo-shopping-list/config.js","s":{"1":1,"2":1},"b":{"1":[1,1,0],"2":[0,0],"3":[1,1]},"f":{},"fnMap":{},"statementMap":{"1":{"start":{"line":1,"column":0},"end":{"line":5,"column":69}},"2":{"start":{"line":6,"column":0},"end":{"line":6,"column":40}}},"branchMap":{"1":{"line":1,"type":"binary-expr","locations":[{"start":{"line":1,"column":23},"end":{"line":1,"column":47}},{"start":{"line":2,"column":23},"end":{"line":2,"column":42}},{"start":{"line":3,"column":24},"end":{"line":5,"column":67}}]},"2":{"line":3,"type":"cond-expr","locations":[{"start":{"line":4,"column":28},"end":{"line":4,"column":63}},{"start":{"line":5,"column":28},"end":{"line":5,"column":67}}]},"3":{"line":6,"type":"binary-expr","locations":[{"start":{"line":6,"column":15},"end":{"line":6,"column":31}},{"start":{"line":6,"column":35},"end":{"line":6,"column":39}}]}}},"/Users/shelleykmorris/Desktop/Thinkful/mongo-shopping-list/models/items.js":{"path":"/Users/shelleykmorris/Desktop/Thinkful/mongo-shopping-list/models/items.js","s":{"1":1,"2":1,"3":1,"4":1},"b":{},"f":{},"fnMap":{},"statementMap":{"1":{"start":{"line":1,"column":0},"end":{"line":1,"column":35}},"2":{"start":{"line":3,"column":0},"end":{"line":5,"column":3}},"3":{"start":{"line":7,"column":0},"end":{"line":7,"column":46}},"4":{"start":{"line":9,"column":0},"end":{"line":9,"column":22}}},"branchMap":{}}}