TN:
SF:/Users/shelleykmorris/Desktop/Thinkful/mongo-shopping-list/server.js
FN:12,(anonymous_1)
FN:13,(anonymous_2)
FN:18,(anonymous_3)
FN:28,(anonymous_4)
FN:40,(anonymous_5)
FN:41,(anonymous_6)
FN:51,(anonymous_7)
FN:54,(anonymous_8)
FN:65,(anonymous_9)
FN:68,(anonymous_10)
FN:78,(anonymous_11)
FN:79,(anonymous_12)
FN:91,(anonymous_13)
FNF:13
FNH:0
FNDA:0,(anonymous_1)
FNDA:0,(anonymous_2)
FNDA:0,(anonymous_3)
FNDA:0,(anonymous_4)
FNDA:0,(anonymous_5)
FNDA:0,(anonymous_6)
FNDA:0,(anonymous_7)
FNDA:0,(anonymous_8)
FNDA:0,(anonymous_9)
FNDA:0,(anonymous_10)
FNDA:0,(anonymous_11)
FNDA:0,(anonymous_12)
FNDA:0,(anonymous_13)
DA:1,1
DA:2,1
DA:3,1
DA:5,1
DA:7,1
DA:9,1
DA:10,1
DA:12,1
DA:13,0
DA:14,0
DA:15,0
DA:18,0
DA:19,0
DA:20,0
DA:21,0
DA:27,1
DA:28,0
DA:29,0
DA:30,0
DA:35,1
DA:36,1
DA:38,1
DA:40,1
DA:41,0
DA:42,0
DA:43,0
DA:47,0
DA:51,1
DA:52,0
DA:55,0
DA:56,0
DA:60,0
DA:65,1
DA:66,0
DA:69,0
DA:70,0
DA:74,0
DA:78,1
DA:79,0
DA:80,0
DA:81,0
DA:85,0
DA:91,1
DA:92,0
LF:44
LH:17
BRDA:14,1,0,0
BRDA:14,1,1,0
BRDA:14,2,0,0
BRDA:14,2,1,0
BRDA:20,3,0,0
BRDA:20,3,1,0
BRDA:27,4,0,0
BRDA:27,4,1,1
BRDA:29,5,0,0
BRDA:29,5,1,0
BRDA:42,6,0,0
BRDA:42,6,1,0
BRDA:55,7,0,0
BRDA:55,7,1,0
BRDA:69,8,0,0
BRDA:69,8,1,0
BRDA:80,9,0,0
BRDA:80,9,1,0
BRF:18
BRH:1
end_of_record
TN:
SF:/Users/shelleykmorris/Desktop/Thinkful/mongo-shopping-list/config.js
FNF:0
FNH:0
DA:1,1
DA:6,1
LF:2
LH:2
BRDA:1,1,0,1
BRDA:1,1,1,1
BRDA:1,1,2,0
BRDA:3,2,0,0
BRDA:3,2,1,0
BRDA:6,3,0,1
BRDA:6,3,1,1
BRF:7
BRH:4
end_of_record
TN:
SF:/Users/shelleykmorris/Desktop/Thinkful/mongo-shopping-list/models/items.js
FNF:0
FNH:0
DA:1,1
DA:3,1
DA:7,1
DA:9,1
LF:4
LH:4
BRF:0
BRH:0
end_of_record
